2018-11-29 14:35:29 [scrapy.utils.log] INFO: Scrapy 1.5.1 started (bot: DNCAT)
2018-11-29 14:35:29 [scrapy.utils.log] INFO: Versions: lxml 4.2.5.0, libxml2 2.9.5, cssselect 1.0.3, parsel 1.5.0, w3lib 1.19.0, Twisted 18.7.0, Python 3.5.3 (v3.5.3:1880cb95a742, Jan 16 2017, 16:02:32) [MSC v.1900 64 bit (AMD64)], pyOpenSSL 18.0.0 (OpenSSL 1.1.0i  14 Aug 2018), cryptography 2.3.1, Platform Windows-10-10.0.17134-SP0
2018-11-29 14:35:29 [scrapy.crawler] INFO: Overridden settings: {'ROBOTSTXT_OBEY': True, 'COOKIES_ENABLED': False, 'USER_AGENT': 'Mozilla/5.0 (Windows NT 10.0; Win64; x64) AppleWebKit/537.36 (KHTML, like Gecko) Chrome/70.0.3538.77 Safari/537.36', 'BOT_NAME': 'DNCAT', 'SPIDER_MODULES': ['DNCAT'], 'LOG_FILE': 'log.txt', 'NEWSPIDER_MODULE': 'DNCAT'}
2018-11-29 14:35:29 [scrapy.middleware] INFO: Enabled extensions:
['scrapy.extensions.logstats.LogStats',
 'scrapy.extensions.corestats.CoreStats',
 'scrapy.extensions.telnet.TelnetConsole']
2018-11-29 14:35:29 [scrapy.middleware] INFO: Enabled downloader middlewares:
['scrapy.downloadermiddlewares.robotstxt.RobotsTxtMiddleware',
 'scrapy.downloadermiddlewares.httpauth.HttpAuthMiddleware',
 'scrapy.downloadermiddlewares.downloadtimeout.DownloadTimeoutMiddleware',
 'scrapy.downloadermiddlewares.defaultheaders.DefaultHeadersMiddleware',
 'scrapy.downloadermiddlewares.useragent.UserAgentMiddleware',
 'scrapy.downloadermiddlewares.retry.RetryMiddleware',
 'scrapy.downloadermiddlewares.redirect.MetaRefreshMiddleware',
 'scrapy.downloadermiddlewares.httpcompression.HttpCompressionMiddleware',
 'scrapy.downloadermiddlewares.redirect.RedirectMiddleware',
 'scrapy.downloadermiddlewares.httpproxy.HttpProxyMiddleware',
 'scrapy.downloadermiddlewares.stats.DownloaderStats']
2018-11-29 14:35:29 [scrapy.middleware] INFO: Enabled spider middlewares:
['scrapy.spidermiddlewares.httperror.HttpErrorMiddleware',
 'scrapy.spidermiddlewares.offsite.OffsiteMiddleware',
 'scrapy.spidermiddlewares.referer.RefererMiddleware',
 'scrapy.spidermiddlewares.urllength.UrlLengthMiddleware',
 'scrapy.spidermiddlewares.depth.DepthMiddleware']
2018-11-29 14:35:29 [scrapy.middleware] INFO: Enabled item pipelines:
[]
2018-11-29 14:35:29 [scrapy.core.engine] INFO: Spider opened
2018-11-29 14:35:29 [scrapy.extensions.logstats] INFO: Crawled 0 pages (at 0 pages/min), scraped 0 items (at 0 items/min)
2018-11-29 14:35:29 [scrapy.extensions.telnet] DEBUG: Telnet console listening on 127.0.0.1:6023
2018-11-29 14:35:29 [scrapy.core.engine] DEBUG: Crawled (200) <GET https://uae.souq.com/robots.txt> (referer: None)
2018-11-29 14:35:29 [scrapy.downloadermiddlewares.robotstxt] ERROR: Error downloading <GET https://uae.souq.com/robots.txt>: No module named 'urllib.robotparser'
Traceback (most recent call last):
  File "site-packages\twisted\internet\defer.py", line 1418, in _inlineCallbacks
  File "site-packages\scrapy\core\downloader\middleware.py", line 43, in process_request
  File "site-packages\twisted\internet\defer.py", line 1362, in returnValue
twisted.internet.defer._DefGen_Return: <200 https://uae.souq.com/robots.txt>

During handling of the above exception, another exception occurred:

Traceback (most recent call last):
  File "site-packages\twisted\internet\defer.py", line 654, in _runCallbacks
  File "site-packages\scrapy\downloadermiddlewares\robotstxt.py", line 86, in _parse_robots
  File "site-packages\six.py", line 92, in __get__
  File "site-packages\six.py", line 160, in _resolve
  File "site-packages\six.py", line 82, in _import_module
ImportError: No module named 'urllib.robotparser'
2018-11-29 14:35:31 [scrapy.core.engine] DEBUG: Crawled (200) <GET https://uae.souq.com/ae-en/readygo/p/?section=2&page=1> (referer: None)
2018-11-29 14:35:33 [scrapy.core.engine] DEBUG: Crawled (200) <GET https://uae.souq.com/ae-en/20-pcs-disposable-anti-sweat-pad-sticker-underarm-armpit-guard-sheet-shield-absorbing-35475028/i/?ctype=dsrch> (referer: https://uae.souq.com/ae-en/readygo/p/?section=2&page=1)
2018-11-29 14:35:33 [scrapy.core.engine] DEBUG: Crawled (200) <GET https://uae.souq.com/ae-en/multi-color-special-occasion-dress-for-women-23507874/i/?ctype=dsrch> (referer: https://uae.souq.com/ae-en/readygo/p/?section=2&page=1)
2018-11-29 14:35:33 [scrapy.core.engine] DEBUG: Crawled (200) <GET https://uae.souq.com/ae-en/fashion-unisex-radiation-protection-anti-blue-goggles-lens-clip-for-myopia-glasses-and-plain-glasses-36327875/i/?ctype=dsrch> (referer: https://uae.souq.com/ae-en/readygo/p/?section=2&page=1)
2018-11-29 14:35:33 [scrapy.core.engine] DEBUG: Crawled (200) <GET https://uae.souq.com/ae-en/kaleidoscope-mosaic-party-cool-night-decorate-men-and-women-sunglasses-no-hole-frame-black-s94-31885609/i/?ctype=dsrch> (referer: https://uae.souq.com/ae-en/readygo/p/?section=2&page=1)
2018-11-29 14:35:34 [scrapy.core.engine] DEBUG: Crawled (200) <GET https://uae.souq.com/ae-en/samsung-galaxy-note-8-clear-view-standing-cover-case-black-24022716/i/?ctype=dsrch> (referer: https://uae.souq.com/ae-en/readygo/p/?section=2&page=1)
2018-11-29 14:35:34 [scrapy.core.engine] DEBUG: Crawled (200) <GET https://uae.souq.com/ae-en/9pcs-set-vacuum-bags-for-clothes-vacuum-storage-bag-cute-cherry-vacuum-compression-bag-quilt-bag-closet-wardrobe-organizer-35438710/i/?ctype=dsrch> (referer: https://uae.souq.com/ae-en/readygo/p/?section=2&page=1)
2018-11-29 14:35:34 [scrapy.core.engine] DEBUG: Crawled (200) <GET https://uae.souq.com/ae-en/acquarium-joyful-accessory-luminous-fish-tank-landscaping-decoration-simulation-fluorescent-jellyfish-floating-soft-jelly-fish-imitation-fish-voc-pink-23773046/i/?ctype=dsrch> (referer: https://uae.souq.com/ae-en/readygo/p/?section=2&page=1)
2018-11-29 14:35:35 [scrapy.core.engine] DEBUG: Crawled (200) <GET https://uae.souq.com/ae-en/white-satin-casual-dress-for-girls-11339988/i/?ctype=dsrch> (referer: https://uae.souq.com/ae-en/readygo/p/?section=2&page=1)
2018-11-29 14:35:35 [scrapy.core.engine] DEBUG: Crawled (200) <GET https://uae.souq.com/ae-en/unisex-vintage-big-round-frame-eyewear-metal-casual-flat-glass-36326603/i/?ctype=dsrch> (referer: https://uae.souq.com/ae-en/readygo/p/?section=2&page=1)
2018-11-29 14:35:35 [scrapy.core.engine] DEBUG: Crawled (200) <GET https://uae.souq.com/ae-en/gear-s3-bands-silicone-watch-straps-and-replacement-sport-wristband-for-samsung-gear-s3-frontier-classic-smart-watch-24062828/i/?ctype=dsrch> (referer: https://uae.souq.com/ae-en/readygo/p/?section=2&page=1)
2018-11-29 14:35:35 [scrapy.core.engine] DEBUG: Crawled (200) <GET https://uae.souq.com/ae-en/stop-snoring-solution-sleeping-device-anti-snore-nose-clip-relieve-stuffy-nose-air-purifying-filter-for-comfortable-sleep-36181269/i/?ctype=dsrch> (referer: https://uae.souq.com/ae-en/readygo/p/?section=2&page=1)
2018-11-29 14:35:35 [scrapy.core.engine] DEBUG: Crawled (200) <GET https://uae.souq.com/ae-en/flamingo-inflatable-pool-float-11094217/i/?ctype=dsrch> (referer: https://uae.souq.com/ae-en/readygo/p/?section=2&page=1)
2018-11-29 14:35:36 [scrapy.core.engine] DEBUG: Crawled (200) <GET https://uae.souq.com/ae-en/plastic-wig-specific-stent-removable-holder-wig-hat-cap-holder-stand-display-wig-accessories-28098154/i/?ctype=dsrch> (referer: https://uae.souq.com/ae-en/readygo/p/?section=2&page=1)
2018-11-29 14:35:36 [scrapy.core.engine] DEBUG: Crawled (200) <GET https://uae.souq.com/ae-en/kaleidoscope-mosaic-party-cool-night-decorate-men-and-women-sunglasses-black-35137463/i/?ctype=dsrch> (referer: https://uae.souq.com/ae-en/readygo/p/?section=2&page=1)
2018-11-29 14:35:36 [scrapy.core.engine] DEBUG: Crawled (200) <GET https://uae.souq.com/ae-en/readygo/p/?section=2&page=2> (referer: https://uae.souq.com/ae-en/readygo/p/?section=2&page=1)
2018-11-29 14:35:36 [scrapy.core.engine] DEBUG: Crawled (200) <GET https://uae.souq.com/ae-en/kaleidoscope-mosaic-party-cool-night-decorate-men-and-women-sunglasses-no-hole-frame-35137405/i/?ctype=dsrch> (referer: https://uae.souq.com/ae-en/readygo/p/?section=2&page=1)
2018-11-29 14:35:37 [scrapy.core.engine] DEBUG: Crawled (200) <GET https://uae.souq.com/ae-en/wayfarer-sunglasses-for-women-clear-36326715/i/?ctype=dsrch> (referer: https://uae.souq.com/ae-en/readygo/p/?section=2&page=1)
2018-11-29 14:35:37 [scrapy.core.engine] DEBUG: Crawled (200) <GET https://uae.souq.com/ae-en/multi-color-mixed-mixed-neck-hoodie-sweatshirt-for-unisex-11872640/i/?ctype=dsrch> (referer: https://uae.souq.com/ae-en/readygo/p/?section=2&page=1)
2018-11-29 14:35:37 [scrapy.core.engine] DEBUG: Crawled (200) <GET https://uae.souq.com/ae-en/pop-dragon-ball-goku-super-saiyan-god-red-hair-model-figure-33485492/i/?ctype=dsrch> (referer: https://uae.souq.com/ae-en/readygo/p/?section=2&page=1)
2018-11-29 14:35:37 [scrapy.core.engine] DEBUG: Crawled (200) <GET https://uae.souq.com/ae-en/women-s-pajama-trendy-cartoon-totoro-pattern-color-block-long-sleeve-one-piece-33353056/i/?ctype=dsrch> (referer: https://uae.souq.com/ae-en/readygo/p/?section=2&page=1)
2018-11-29 14:35:37 [scrapy.core.engine] DEBUG: Crawled (200) <GET https://uae.souq.com/ae-en/for-pubg-stg-fps-fortnite-game-trigger-cell-phone-mobile-controller-fire-button-gamepad-l1r1-aim-key-joystick-for-iphone-android-36898454/i/?ctype=dsrch> (referer: https://uae.souq.com/ae-en/readygo/p/?section=2&page=1)
2018-11-29 14:35:37 [scrapy.core.engine] DEBUG: Crawled (200) <GET https://uae.souq.com/ae-en/pink-casual-dress-for-girls-22855972/i/?ctype=dsrch> (referer: https://uae.souq.com/ae-en/readygo/p/?section=2&page=1)
2018-11-29 14:35:38 [scrapy.core.engine] DEBUG: Crawled (200) <GET https://uae.souq.com/ae-en/samsung-stereo-headphones-in-ear-fit-eg920-white-10227645/i/?ctype=dsrch> (referer: https://uae.souq.com/ae-en/readygo/p/?section=2&page=1)
2018-11-29 14:35:38 [scrapy.core.engine] DEBUG: Crawled (200) <GET https://uae.souq.com/ae-en/easy-feet-foot-cleaner-easyfeet-foot-scrubber-brush-massager-clean-bathroom-shower-clean-blue-slippers-spa-treatment-34001947/i/?ctype=dsrch> (referer: https://uae.souq.com/ae-en/readygo/p/?section=2&page=1)
2018-11-29 14:35:38 [scrapy.core.engine] DEBUG: Crawled (200) <GET https://uae.souq.com/ae-en/sportsyle-sport-socks-for-women-33482619/i/?ctype=dsrch> (referer: https://uae.souq.com/ae-en/readygo/p/?section=2&page=1)
2018-11-29 14:35:39 [scrapy.core.engine] DEBUG: Crawled (200) <GET https://uae.souq.com/ae-en/grey-round-neck-fashion-vest-for-women-35541690/i/?ctype=dsrch> (referer: https://uae.souq.com/ae-en/readygo/p/?section=2&page=1)
2018-11-29 14:35:39 [scrapy.core.engine] DEBUG: Crawled (200) <GET https://uae.souq.com/ae-en/multi-color-casual-dress-for-women-22815259/i/?ctype=dsrch> (referer: https://uae.souq.com/ae-en/readygo/p/?section=2&page=1)
2018-11-29 14:35:39 [scrapy.core.engine] DEBUG: Crawled (200) <GET https://uae.souq.com/ae-en/lztllylzt-casual-straight-dress-for-women-23541445/i/?ctype=dsrch> (referer: https://uae.souq.com/ae-en/readygo/p/?section=2&page=1)
2018-11-29 14:35:39 [scrapy.core.engine] DEBUG: Crawled (200) <GET https://uae.souq.com/ae-en/lztllylzt-black-casual-dress-for-women-22238448/i/?ctype=dsrch> (referer: https://uae.souq.com/ae-en/readygo/p/?section=2&page=1)
2018-11-29 14:35:39 [scrapy.core.engine] DEBUG: Crawled (200) <GET https://uae.souq.com/ae-en/sport-socks-for-women-35458873/i/?ctype=dsrch> (referer: https://uae.souq.com/ae-en/readygo/p/?section=2&page=1)
2018-11-29 14:36:23 [scrapy.utils.log] INFO: Scrapy 1.5.1 started (bot: DNCAT)
2018-11-29 14:36:23 [scrapy.utils.log] INFO: Versions: lxml 4.2.5.0, libxml2 2.9.5, cssselect 1.0.3, parsel 1.5.0, w3lib 1.19.0, Twisted 18.7.0, Python 3.5.3 (v3.5.3:1880cb95a742, Jan 16 2017, 16:02:32) [MSC v.1900 64 bit (AMD64)], pyOpenSSL 18.0.0 (OpenSSL 1.1.0i  14 Aug 2018), cryptography 2.3.1, Platform Windows-10-10.0.17134-SP0
2018-11-29 14:36:23 [scrapy.crawler] INFO: Overridden settings: {'NEWSPIDER_MODULE': 'DNCAT', 'ROBOTSTXT_OBEY': True, 'SPIDER_MODULES': ['DNCAT'], 'USER_AGENT': 'Mozilla/5.0 (Windows NT 10.0; Win64; x64) AppleWebKit/537.36 (KHTML, like Gecko) Chrome/70.0.3538.77 Safari/537.36', 'BOT_NAME': 'DNCAT', 'COOKIES_ENABLED': False, 'LOG_FILE': 'log.txt'}
2018-11-29 14:36:23 [scrapy.middleware] INFO: Enabled extensions:
['scrapy.extensions.logstats.LogStats',
 'scrapy.extensions.telnet.TelnetConsole',
 'scrapy.extensions.corestats.CoreStats']
2018-11-29 14:36:23 [scrapy.middleware] INFO: Enabled downloader middlewares:
['scrapy.downloadermiddlewares.robotstxt.RobotsTxtMiddleware',
 'scrapy.downloadermiddlewares.httpauth.HttpAuthMiddleware',
 'scrapy.downloadermiddlewares.downloadtimeout.DownloadTimeoutMiddleware',
 'scrapy.downloadermiddlewares.defaultheaders.DefaultHeadersMiddleware',
 'scrapy.downloadermiddlewares.useragent.UserAgentMiddleware',
 'scrapy.downloadermiddlewares.retry.RetryMiddleware',
 'scrapy.downloadermiddlewares.redirect.MetaRefreshMiddleware',
 'scrapy.downloadermiddlewares.httpcompression.HttpCompressionMiddleware',
 'scrapy.downloadermiddlewares.redirect.RedirectMiddleware',
 'scrapy.downloadermiddlewares.httpproxy.HttpProxyMiddleware',
 'scrapy.downloadermiddlewares.stats.DownloaderStats']
2018-11-29 14:36:23 [scrapy.middleware] INFO: Enabled spider middlewares:
['scrapy.spidermiddlewares.httperror.HttpErrorMiddleware',
 'scrapy.spidermiddlewares.offsite.OffsiteMiddleware',
 'scrapy.spidermiddlewares.referer.RefererMiddleware',
 'scrapy.spidermiddlewares.urllength.UrlLengthMiddleware',
 'scrapy.spidermiddlewares.depth.DepthMiddleware']
2018-11-29 14:36:23 [scrapy.middleware] INFO: Enabled item pipelines:
[]
2018-11-29 14:36:23 [scrapy.core.engine] INFO: Spider opened
2018-11-29 14:36:23 [scrapy.extensions.logstats] INFO: Crawled 0 pages (at 0 pages/min), scraped 0 items (at 0 items/min)
2018-11-29 14:36:23 [scrapy.extensions.telnet] DEBUG: Telnet console listening on 127.0.0.1:6023
2018-11-29 14:36:24 [scrapy.core.engine] DEBUG: Crawled (200) <GET https://uae.souq.com/robots.txt> (referer: None)
2018-11-29 14:36:24 [scrapy.downloadermiddlewares.robotstxt] ERROR: Error downloading <GET https://uae.souq.com/robots.txt>: No module named 'urllib.robotparser'
Traceback (most recent call last):
  File "site-packages\twisted\internet\defer.py", line 1418, in _inlineCallbacks
  File "site-packages\scrapy\core\downloader\middleware.py", line 43, in process_request
  File "site-packages\twisted\internet\defer.py", line 1362, in returnValue
twisted.internet.defer._DefGen_Return: <200 https://uae.souq.com/robots.txt>

During handling of the above exception, another exception occurred:

Traceback (most recent call last):
  File "site-packages\twisted\internet\defer.py", line 654, in _runCallbacks
  File "site-packages\scrapy\downloadermiddlewares\robotstxt.py", line 86, in _parse_robots
  File "site-packages\six.py", line 92, in __get__
  File "site-packages\six.py", line 160, in _resolve
  File "site-packages\six.py", line 82, in _import_module
ImportError: No module named 'urllib.robotparser'
2018-11-29 14:36:46 [scrapy.utils.log] INFO: Scrapy 1.5.1 started (bot: DNCAT)
2018-11-29 14:36:46 [scrapy.utils.log] INFO: Versions: lxml 4.2.5.0, libxml2 2.9.5, cssselect 1.0.3, parsel 1.5.0, w3lib 1.19.0, Twisted 18.7.0, Python 3.5.3 (v3.5.3:1880cb95a742, Jan 16 2017, 16:02:32) [MSC v.1900 64 bit (AMD64)], pyOpenSSL 18.0.0 (OpenSSL 1.1.0i  14 Aug 2018), cryptography 2.3.1, Platform Windows-10-10.0.17134-SP0
2018-11-29 14:36:46 [scrapy.crawler] INFO: Overridden settings: {'NEWSPIDER_MODULE': 'DNCAT', 'SPIDER_MODULES': ['DNCAT'], 'COOKIES_ENABLED': False, 'ROBOTSTXT_OBEY': True, 'LOG_FILE': 'log.txt', 'USER_AGENT': 'Mozilla/5.0 (Windows NT 10.0; Win64; x64) AppleWebKit/537.36 (KHTML, like Gecko) Chrome/70.0.3538.77 Safari/537.36', 'BOT_NAME': 'DNCAT'}
2018-11-29 14:36:46 [scrapy.middleware] INFO: Enabled extensions:
['scrapy.extensions.telnet.TelnetConsole',
 'scrapy.extensions.corestats.CoreStats',
 'scrapy.extensions.logstats.LogStats']
2018-11-29 14:36:46 [scrapy.middleware] INFO: Enabled downloader middlewares:
['scrapy.downloadermiddlewares.robotstxt.RobotsTxtMiddleware',
 'scrapy.downloadermiddlewares.httpauth.HttpAuthMiddleware',
 'scrapy.downloadermiddlewares.downloadtimeout.DownloadTimeoutMiddleware',
 'scrapy.downloadermiddlewares.defaultheaders.DefaultHeadersMiddleware',
 'scrapy.downloadermiddlewares.useragent.UserAgentMiddleware',
 'scrapy.downloadermiddlewares.retry.RetryMiddleware',
 'scrapy.downloadermiddlewares.redirect.MetaRefreshMiddleware',
 'scrapy.downloadermiddlewares.httpcompression.HttpCompressionMiddleware',
 'scrapy.downloadermiddlewares.redirect.RedirectMiddleware',
 'scrapy.downloadermiddlewares.httpproxy.HttpProxyMiddleware',
 'scrapy.downloadermiddlewares.stats.DownloaderStats']
2018-11-29 14:36:46 [scrapy.middleware] INFO: Enabled spider middlewares:
['scrapy.spidermiddlewares.httperror.HttpErrorMiddleware',
 'scrapy.spidermiddlewares.offsite.OffsiteMiddleware',
 'scrapy.spidermiddlewares.referer.RefererMiddleware',
 'scrapy.spidermiddlewares.urllength.UrlLengthMiddleware',
 'scrapy.spidermiddlewares.depth.DepthMiddleware']
2018-11-29 14:36:46 [scrapy.middleware] INFO: Enabled item pipelines:
[]
2018-11-29 14:36:46 [scrapy.core.engine] INFO: Spider opened
2018-11-29 14:36:46 [scrapy.extensions.logstats] INFO: Crawled 0 pages (at 0 pages/min), scraped 0 items (at 0 items/min)
2018-11-29 14:36:46 [scrapy.extensions.telnet] DEBUG: Telnet console listening on 127.0.0.1:6023
2018-11-29 14:36:47 [scrapy.core.engine] DEBUG: Crawled (200) <GET https://uae.souq.com/robots.txt> (referer: None)
2018-11-29 14:36:47 [scrapy.downloadermiddlewares.robotstxt] ERROR: Error downloading <GET https://uae.souq.com/robots.txt>: No module named 'urllib.robotparser'
Traceback (most recent call last):
  File "site-packages\twisted\internet\defer.py", line 1418, in _inlineCallbacks
  File "site-packages\scrapy\core\downloader\middleware.py", line 43, in process_request
  File "site-packages\twisted\internet\defer.py", line 1362, in returnValue
twisted.internet.defer._DefGen_Return: <200 https://uae.souq.com/robots.txt>

During handling of the above exception, another exception occurred:

Traceback (most recent call last):
  File "site-packages\twisted\internet\defer.py", line 654, in _runCallbacks
  File "site-packages\scrapy\downloadermiddlewares\robotstxt.py", line 86, in _parse_robots
  File "site-packages\six.py", line 92, in __get__
  File "site-packages\six.py", line 160, in _resolve
  File "site-packages\six.py", line 82, in _import_module
ImportError: No module named 'urllib.robotparser'
2018-11-29 14:36:48 [scrapy.core.engine] DEBUG: Crawled (200) <GET https://uae.souq.com/ae-en/readygo/p/?section=2&page=1> (referer: None)
2018-11-29 14:36:50 [scrapy.core.engine] DEBUG: Crawled (200) <GET https://uae.souq.com/ae-en/20-pcs-disposable-anti-sweat-pad-sticker-underarm-armpit-guard-sheet-shield-absorbing-35475028/i/?ctype=dsrch> (referer: https://uae.souq.com/ae-en/readygo/p/?section=2&page=1)
2018-11-29 14:36:50 [scrapy.core.engine] DEBUG: Crawled (200) <GET https://uae.souq.com/ae-en/multi-color-special-occasion-dress-for-women-23507874/i/?ctype=dsrch> (referer: https://uae.souq.com/ae-en/readygo/p/?section=2&page=1)
2018-11-29 14:36:50 [scrapy.core.engine] DEBUG: Crawled (200) <GET https://uae.souq.com/ae-en/9pcs-set-vacuum-bags-for-clothes-vacuum-storage-bag-cute-cherry-vacuum-compression-bag-quilt-bag-closet-wardrobe-organizer-35438710/i/?ctype=dsrch> (referer: https://uae.souq.com/ae-en/readygo/p/?section=2&page=1)
2018-11-29 14:36:51 [scrapy.core.engine] DEBUG: Crawled (200) <GET https://uae.souq.com/ae-en/kaleidoscope-mosaic-party-cool-night-decorate-men-and-women-sunglasses-no-hole-frame-black-s94-31885609/i/?ctype=dsrch> (referer: https://uae.souq.com/ae-en/readygo/p/?section=2&page=1)
2018-11-29 14:36:51 [scrapy.core.engine] DEBUG: Crawled (200) <GET https://uae.souq.com/ae-en/acquarium-joyful-accessory-luminous-fish-tank-landscaping-decoration-simulation-fluorescent-jellyfish-floating-soft-jelly-fish-imitation-fish-voc-pink-23773046/i/?ctype=dsrch> (referer: https://uae.souq.com/ae-en/readygo/p/?section=2&page=1)
2018-11-29 14:36:51 [scrapy.core.engine] DEBUG: Crawled (200) <GET https://uae.souq.com/ae-en/fashion-unisex-radiation-protection-anti-blue-goggles-lens-clip-for-myopia-glasses-and-plain-glasses-36327875/i/?ctype=dsrch> (referer: https://uae.souq.com/ae-en/readygo/p/?section=2&page=1)
2018-11-29 14:36:51 [scrapy.core.engine] DEBUG: Crawled (200) <GET https://uae.souq.com/ae-en/samsung-galaxy-note-8-clear-view-standing-cover-case-black-24022716/i/?ctype=dsrch> (referer: https://uae.souq.com/ae-en/readygo/p/?section=2&page=1)
2018-11-29 14:36:52 [scrapy.core.engine] DEBUG: Crawled (200) <GET https://uae.souq.com/ae-en/unisex-vintage-big-round-frame-eyewear-metal-casual-flat-glass-36326603/i/?ctype=dsrch> (referer: https://uae.souq.com/ae-en/readygo/p/?section=2&page=1)
2018-11-29 14:36:52 [scrapy.core.engine] DEBUG: Crawled (200) <GET https://uae.souq.com/ae-en/gear-s3-bands-silicone-watch-straps-and-replacement-sport-wristband-for-samsung-gear-s3-frontier-classic-smart-watch-24062828/i/?ctype=dsrch> (referer: https://uae.souq.com/ae-en/readygo/p/?section=2&page=1)
2018-11-29 14:36:52 [scrapy.core.engine] DEBUG: Crawled (200) <GET https://uae.souq.com/ae-en/kaleidoscope-mosaic-party-cool-night-decorate-men-and-women-sunglasses-no-hole-frame-35137405/i/?ctype=dsrch> (referer: https://uae.souq.com/ae-en/readygo/p/?section=2&page=1)
2018-11-29 14:36:52 [scrapy.core.engine] DEBUG: Crawled (200) <GET https://uae.souq.com/ae-en/white-satin-casual-dress-for-girls-11339988/i/?ctype=dsrch> (referer: https://uae.souq.com/ae-en/readygo/p/?section=2&page=1)
2018-11-29 14:36:52 [scrapy.core.engine] DEBUG: Crawled (200) <GET https://uae.souq.com/ae-en/stop-snoring-solution-sleeping-device-anti-snore-nose-clip-relieve-stuffy-nose-air-purifying-filter-for-comfortable-sleep-36181269/i/?ctype=dsrch> (referer: https://uae.souq.com/ae-en/readygo/p/?section=2&page=1)
2018-11-29 14:36:53 [scrapy.core.engine] DEBUG: Crawled (200) <GET https://uae.souq.com/ae-en/plastic-wig-specific-stent-removable-holder-wig-hat-cap-holder-stand-display-wig-accessories-28098154/i/?ctype=dsrch> (referer: https://uae.souq.com/ae-en/readygo/p/?section=2&page=1)
2018-11-29 14:36:53 [scrapy.core.engine] DEBUG: Crawled (200) <GET https://uae.souq.com/ae-en/flamingo-inflatable-pool-float-11094217/i/?ctype=dsrch> (referer: https://uae.souq.com/ae-en/readygo/p/?section=2&page=1)
2018-11-29 14:36:53 [scrapy.core.engine] DEBUG: Crawled (200) <GET https://uae.souq.com/ae-en/multi-color-mixed-mixed-neck-hoodie-sweatshirt-for-unisex-11872640/i/?ctype=dsrch> (referer: https://uae.souq.com/ae-en/readygo/p/?section=2&page=1)
2018-11-29 14:36:53 [scrapy.core.engine] DEBUG: Crawled (200) <GET https://uae.souq.com/ae-en/readygo/p/?section=2&page=2> (referer: https://uae.souq.com/ae-en/readygo/p/?section=2&page=1)
2018-11-29 14:36:53 [scrapy.core.engine] DEBUG: Crawled (200) <GET https://uae.souq.com/ae-en/kaleidoscope-mosaic-party-cool-night-decorate-men-and-women-sunglasses-black-35137463/i/?ctype=dsrch> (referer: https://uae.souq.com/ae-en/readygo/p/?section=2&page=1)
2018-11-29 14:36:54 [scrapy.core.engine] DEBUG: Crawled (200) <GET https://uae.souq.com/ae-en/pop-dragon-ball-goku-super-saiyan-god-red-hair-model-figure-33485492/i/?ctype=dsrch> (referer: https://uae.souq.com/ae-en/readygo/p/?section=2&page=1)
2018-11-29 14:36:54 [scrapy.core.engine] DEBUG: Crawled (200) <GET https://uae.souq.com/ae-en/women-s-pajama-trendy-cartoon-totoro-pattern-color-block-long-sleeve-one-piece-33353056/i/?ctype=dsrch> (referer: https://uae.souq.com/ae-en/readygo/p/?section=2&page=1)
2018-11-29 14:36:54 [scrapy.core.engine] DEBUG: Crawled (200) <GET https://uae.souq.com/ae-en/wayfarer-sunglasses-for-women-clear-36326715/i/?ctype=dsrch> (referer: https://uae.souq.com/ae-en/readygo/p/?section=2&page=1)
2018-11-29 14:36:54 [scrapy.core.engine] DEBUG: Crawled (200) <GET https://uae.souq.com/ae-en/pink-casual-dress-for-girls-22855972/i/?ctype=dsrch> (referer: https://uae.souq.com/ae-en/readygo/p/?section=2&page=1)
2018-11-29 14:36:55 [scrapy.core.engine] DEBUG: Crawled (200) <GET https://uae.souq.com/ae-en/for-pubg-stg-fps-fortnite-game-trigger-cell-phone-mobile-controller-fire-button-gamepad-l1r1-aim-key-joystick-for-iphone-android-36898454/i/?ctype=dsrch> (referer: https://uae.souq.com/ae-en/readygo/p/?section=2&page=1)
2018-11-29 14:36:55 [scrapy.core.engine] DEBUG: Crawled (200) <GET https://uae.souq.com/ae-en/samsung-stereo-headphones-in-ear-fit-eg920-white-10227645/i/?ctype=dsrch> (referer: https://uae.souq.com/ae-en/readygo/p/?section=2&page=1)
2018-11-29 14:36:55 [scrapy.core.engine] DEBUG: Crawled (200) <GET https://uae.souq.com/ae-en/sportsyle-sport-socks-for-women-33482619/i/?ctype=dsrch> (referer: https://uae.souq.com/ae-en/readygo/p/?section=2&page=1)
2018-11-29 14:36:55 [scrapy.core.engine] DEBUG: Crawled (200) <GET https://uae.souq.com/ae-en/easy-feet-foot-cleaner-easyfeet-foot-scrubber-brush-massager-clean-bathroom-shower-clean-blue-slippers-spa-treatment-34001947/i/?ctype=dsrch> (referer: https://uae.souq.com/ae-en/readygo/p/?section=2&page=1)
2018-11-29 14:36:55 [scrapy.core.engine] DEBUG: Crawled (200) <GET https://uae.souq.com/ae-en/sport-socks-for-women-35458873/i/?ctype=dsrch> (referer: https://uae.souq.com/ae-en/readygo/p/?section=2&page=1)
2018-11-29 14:36:55 [scrapy.core.engine] DEBUG: Crawled (200) <GET https://uae.souq.com/ae-en/lztllylzt-casual-straight-dress-for-women-23541445/i/?ctype=dsrch> (referer: https://uae.souq.com/ae-en/readygo/p/?section=2&page=1)
2018-11-29 14:36:56 [scrapy.core.engine] DEBUG: Crawled (200) <GET https://uae.souq.com/ae-en/lztllylzt-black-casual-dress-for-women-22238448/i/?ctype=dsrch> (referer: https://uae.souq.com/ae-en/readygo/p/?section=2&page=1)
2018-11-29 14:36:56 [scrapy.core.engine] DEBUG: Crawled (200) <GET https://uae.souq.com/ae-en/grey-round-neck-fashion-vest-for-women-35541690/i/?ctype=dsrch> (referer: https://uae.souq.com/ae-en/readygo/p/?section=2&page=1)
2018-11-29 14:36:56 [scrapy.core.engine] DEBUG: Crawled (200) <GET https://uae.souq.com/ae-en/multi-color-casual-dress-for-women-22815259/i/?ctype=dsrch> (referer: https://uae.souq.com/ae-en/readygo/p/?section=2&page=1)
2018-11-29 14:36:56 [scrapy.core.engine] DEBUG: Crawled (200) <GET https://uae.souq.com/ae-en/rearview-small-blind-spot-mirror-for-side-mirror-mph22a-black-11670541/i/?ctype=dsrch> (referer: https://uae.souq.com/ae-en/readygo/p/?section=2&page=1)
2018-11-29 14:36:56 [scrapy.core.engine] DEBUG: Crawled (200) <GET https://uae.souq.com/ae-en/10-piece-compact-mixing-bowl-colander-and-measuring-spoon-nesting-set-24191792/i/?ctype=dsrch> (referer: https://uae.souq.com/ae-en/readygo/p/?section=2&page=1)
2018-11-29 14:36:56 [scrapy.core.engine] DEBUG: Crawled (200) <GET https://uae.souq.com/ae-en/baseus-car-mount-qi-wireless-charger-car-phone-holder-for-iphone-x-8-plus-quick-charge-fast-charging-pad-for-car-holder-stand-32995495/i/?ctype=dsrch> (referer: https://uae.souq.com/ae-en/readygo/p/?section=2&page=1)
2018-11-29 14:36:57 [scrapy.core.engine] DEBUG: Crawled (200) <GET https://uae.souq.com/ae-en/men-s-slim-fit-jacket-coat-button-hoody-gmf-3691-army-green-l-7052094/i/?ctype=dsrch> (referer: https://uae.souq.com/ae-en/readygo/p/?section=2&page=2)
2018-11-29 14:36:57 [scrapy.core.engine] DEBUG: Crawled (200) <GET https://uae.souq.com/ae-en/breathable-sport-silicone-band-for-samsung-galaxy-gear-s3-frontier-classic-replaceable-bracelet-strap-for-samsung-s3-bands-34000618/i/?ctype=dsrch> (referer: https://uae.souq.com/ae-en/readygo/p/?section=2&page=2)
2018-11-29 14:36:57 [scrapy.core.engine] DEBUG: Crawled (200) <GET https://uae.souq.com/ae-en/super-durable-folding-bike-wall-mount-rack-storage-hanger-33525846/i/?ctype=dsrch> (referer: https://uae.souq.com/ae-en/readygo/p/?section=2&page=2)
2018-11-29 14:36:57 [scrapy.core.engine] DEBUG: Crawled (200) <GET https://uae.souq.com/ae-en/readygo/p/?section=2&page=3> (referer: https://uae.souq.com/ae-en/readygo/p/?section=2&page=2)
2018-11-29 14:36:57 [scrapy.core.engine] DEBUG: Crawled (200) <GET https://uae.souq.com/ae-en/funko-pop-game-of-thrones-drogon-pop-vinyl-vehicle-with-daenerys-figure-car-decoration-29581239/i/?ctype=dsrch> (referer: https://uae.souq.com/ae-en/readygo/p/?section=2&page=2)
2018-11-29 14:36:58 [scrapy.core.engine] DEBUG: Crawled (200) <GET https://uae.souq.com/ae-en/other-brown-slides-slipper-for-men-11683934/i/?ctype=dsrch> (referer: https://uae.souq.com/ae-en/readygo/p/?section=2&page=2)
2018-11-29 14:36:58 [scrapy.core.engine] DEBUG: Crawled (200) <GET https://uae.souq.com/ae-en/style-fashion-backpack-shoulder-bag-pu-leather-back-pack-laptop-bag-leather-backpack-0012-22756385/i/?ctype=dsrch> (referer: https://uae.souq.com/ae-en/readygo/p/?section=2&page=2)
2018-11-29 14:36:58 [scrapy.core.engine] DEBUG: Crawled (200) <GET https://uae.souq.com/ae-en/7pcs-travel-storage-bag-waterproof-bags-portable-luggage-organizers-mesh-packing-pouch-34888813/i/?ctype=dsrch> (referer: https://uae.souq.com/ae-en/readygo/p/?section=2&page=2)
2018-11-29 14:36:58 [scrapy.core.engine] DEBUG: Crawled (200) <GET https://uae.souq.com/ae-en/classy-men-earring-with-black-stone-35502972/i/?ctype=dsrch> (referer: https://uae.souq.com/ae-en/readygo/p/?section=2&page=2)
2018-11-29 14:36:59 [scrapy.core.engine] DEBUG: Crawled (200) <GET https://uae.souq.com/ae-en/metal-credit-card-holder-travel-mini-rfid-wallet-men-card-case-porte-carte-male-money-clip-silver-36184209/i/?ctype=dsrch> (referer: https://uae.souq.com/ae-en/readygo/p/?section=2&page=2)
2018-11-29 14:36:59 [scrapy.core.engine] DEBUG: Crawled (200) <GET https://uae.souq.com/ae-en/shoe-space-saving-storage-23770183/i/?ctype=dsrch> (referer: https://uae.souq.com/ae-en/readygo/p/?section=2&page=2)
2018-11-29 14:36:59 [scrapy.core.engine] DEBUG: Crawled (200) <GET https://uae.souq.com/ae-en/gubintu-casual-men-leather-wallet-for-multi-use-w39-22673659/i/?ctype=dsrch> (referer: https://uae.souq.com/ae-en/readygo/p/?section=2&page=2)
2018-11-29 14:36:59 [scrapy.core.engine] DEBUG: Crawled (200) <GET https://uae.souq.com/ae-en/funny-skeleton-coin-bank-moneybox-35537323/i/?ctype=dsrch> (referer: https://uae.souq.com/ae-en/readygo/p/?section=2&page=2)
2018-11-29 14:36:59 [scrapy.core.engine] DEBUG: Crawled (200) <GET https://uae.souq.com/ae-en/book-design-earring-organizer-35454663/i/?ctype=dsrch> (referer: https://uae.souq.com/ae-en/readygo/p/?section=2&page=2)
2018-11-29 14:37:00 [scrapy.core.engine] DEBUG: Crawled (200) <GET https://uae.souq.com/ae-en/set-of-3-pcs-umbrella-design-door-hangers-key-hat-wall-multipurpose-holder-hanger-hooks-11759696/i/?ctype=dsrch> (referer: https://uae.souq.com/ae-en/readygo/p/?section=2&page=2)
2018-11-29 14:37:00 [scrapy.core.engine] DEBUG: Crawled (200) <GET https://uae.souq.com/ae-en/spiderman-pattern-decompression-cartoon-children-shoulder-bag-for-7-11-years-old-child-37103212/i/?ctype=dsrch> (referer: https://uae.souq.com/ae-en/readygo/p/?section=2&page=2)
2018-11-29 14:37:00 [scrapy.core.engine] DEBUG: Crawled (200) <GET https://uae.souq.com/ae-en/multi-color-round-neck-hoodie-sweatshirt-for-men-32674185/i/?ctype=dsrch> (referer: https://uae.souq.com/ae-en/readygo/p/?section=2&page=2)
2018-11-29 14:37:00 [scrapy.core.engine] DEBUG: Crawled (200) <GET https://uae.souq.com/ae-en/3pcs-multi-color-tibetan-buddhist-good-lucky-charm-tibetan-bracelets-bangles-for-women-men-handmade-knots-rope-bracelet-26903879/i/?ctype=dsrch> (referer: https://uae.souq.com/ae-en/readygo/p/?section=2&page=2)
2018-11-29 14:37:00 [scrapy.core.engine] DEBUG: Crawled (200) <GET https://uae.souq.com/ae-en/multi-color-round-neck-hoodie-sweatshirt-for-men-32674192/i/?ctype=dsrch> (referer: https://uae.souq.com/ae-en/readygo/p/?section=2&page=2)
2018-11-29 14:37:00 [scrapy.core.engine] DEBUG: Crawled (200) <GET https://uae.souq.com/ae-en/clear-eyewear-unisex-simple-flat-glass-22558393/i/?ctype=dsrch> (referer: https://uae.souq.com/ae-en/readygo/p/?section=2&page=3)
2018-11-29 14:37:01 [scrapy.core.engine] DEBUG: Crawled (200) <GET https://uae.souq.com/ae-en/jewelry-holder-display-stand-organizer-rack-hole-plastic-earrings-bracelet-holder-35137088/i/?ctype=dsrch> (referer: https://uae.souq.com/ae-en/readygo/p/?section=2&page=2)
2018-11-29 14:37:01 [scrapy.core.engine] DEBUG: Crawled (200) <GET https://uae.souq.com/ae-en/unisex-outdoors-travel-backpack-large-capacity-camping-bag-22558187/i/?ctype=dsrch> (referer: https://uae.souq.com/ae-en/readygo/p/?section=2&page=3)
2018-11-29 14:37:01 [scrapy.core.engine] DEBUG: Crawled (200) <GET https://uae.souq.com/ae-en/readygo/p/?section=2&page=4> (referer: https://uae.souq.com/ae-en/readygo/p/?section=2&page=3)
2018-11-29 14:37:02 [scrapy.core.engine] DEBUG: Crawled (200) <GET https://uae.souq.com/ae-en/butterfly-pattern-mirror-wall-stickers-34883678/i/?ctype=dsrch> (referer: https://uae.souq.com/ae-en/readygo/p/?section=2&page=3)
2018-11-29 14:37:02 [scrapy.core.engine] DEBUG: Crawled (200) <GET https://uae.souq.com/ae-en/white-gold-plated-eternity-engagement-band-ring-with-high-quality-pear-shaped-cubic-zirconia-22912131/i/?ctype=dsrch> (referer: https://uae.souq.com/ae-en/readygo/p/?section=2&page=3)
2018-11-29 14:37:02 [scrapy.core.engine] DEBUG: Crawled (200) <GET https://uae.souq.com/ae-en/45x200cm-chalk-board-blackboard-stickers-removable-draw-decor-mural-decals-art-chalkboard-wall-sticker-for-kids-rooms-35639572/i/?ctype=dsrch> (referer: https://uae.souq.com/ae-en/readygo/p/?section=2&page=3)
2018-11-29 14:37:02 [scrapy.core.engine] DEBUG: Crawled (200) <GET https://uae.souq.com/ae-en/rack-bag-hanger-without-punch-clothes-plastic-organizer-33438481/i/?ctype=dsrch> (referer: https://uae.souq.com/ae-en/readygo/p/?section=2&page=3)
2018-11-29 14:37:02 [scrapy.core.engine] DEBUG: Crawled (200) <GET https://uae.souq.com/ae-en/baby-pig-aminal-dolls-minecraft-pink-soft-plush-toy-7inch-11378859/i/?ctype=dsrch> (referer: https://uae.souq.com/ae-en/readygo/p/?section=2&page=3)
2018-11-29 14:37:02 [scrapy.core.engine] DEBUG: Crawled (200) <GET https://uae.souq.com/ae-en/round-one-weeks-medicine-box-cute-fruit-medicine-box-22966668/i/?ctype=dsrch> (referer: https://uae.souq.com/ae-en/readygo/p/?section=2&page=3)
2018-11-29 14:37:03 [scrapy.core.engine] DEBUG: Crawled (200) <GET https://uae.souq.com/ae-en/mister-tea-infuser-mr-tea-infuser-loose-leaf-silicone-strainer-herbal-spice-filter-diffuser-11578924/i/?ctype=dsrch> (referer: https://uae.souq.com/ae-en/readygo/p/?section=2&page=3)
2018-11-29 14:37:03 [scrapy.core.engine] DEBUG: Crawled (200) <GET https://uae.souq.com/ae-en/women-sport-clothing-demon-hoodie-fashion-long-sleeve-sweatshirt-10225937/i/?ctype=dsrch> (referer: https://uae.souq.com/ae-en/readygo/p/?section=2&page=3)
2018-11-29 14:37:04 [scrapy.core.engine] DEBUG: Crawled (200) <GET https://uae.souq.com/ae-en/dodocool-wireless-stereo-wood-ipx5-cvc-6-0-noise-cancellation-in-ear-headphone-34181441/i/?ctype=dsrch> (referer: https://uae.souq.com/ae-en/readygo/p/?section=2&page=3)
2018-11-29 14:37:04 [scrapy.core.engine] DEBUG: Crawled (200) <GET https://uae.souq.com/ae-en/bird-cage-shape-led-night-light-usb-touch-sensor-light-control-2-mode-bedside-table-lamp-children-bedroom-novelty-lighting-35416238/i/?ctype=dsrch> (referer: https://uae.souq.com/ae-en/readygo/p/?section=2&page=3)
2018-11-29 14:37:04 [scrapy.core.engine] DEBUG: Crawled (200) <GET https://uae.souq.com/ae-en/pet-grooming-gloves-dog-cat-hair-cleaning-brush-advanced-rubber-enhanced-five-fingers-deshedding-pet-gloves-for-dog-cat-animals-34020523/i/?ctype=dsrch> (referer: https://uae.souq.com/ae-en/readygo/p/?section=2&page=3)
2018-11-29 14:37:04 [scrapy.core.engine] DEBUG: Crawled (200) <GET https://uae.souq.com/ae-en/klbs-fashion-vintage-round-frame-eyewear-casual-clear-lens-flat-glass-for-unisex-22188606/i/?ctype=dsrch> (referer: https://uae.souq.com/ae-en/readygo/p/?section=2&page=3)
2018-11-29 14:37:04 [scrapy.core.engine] DEBUG: Crawled (200) <GET https://uae.souq.com/ae-en/polyester-bohemian-style-printing-fun-beach-towel-multi-color-11226935/i/?ctype=dsrch> (referer: https://uae.souq.com/ae-en/readygo/p/?section=2&page=3)
2018-11-29 14:37:04 [scrapy.core.engine] DEBUG: Crawled (200) <GET https://uae.souq.com/ae-en/black-round-neck-t-shirt-for-men-22356984/i/?ctype=dsrch> (referer: https://uae.souq.com/ae-en/readygo/p/?section=2&page=3)
2018-11-29 14:37:05 [scrapy.core.engine] DEBUG: Crawled (200) <GET https://uae.souq.com/ae-en/multi-color-round-neck-t-shirt-for-men-23600049/i/?ctype=dsrch> (referer: https://uae.souq.com/ae-en/readygo/p/?section=2&page=3)
2018-11-29 14:37:05 [scrapy.core.engine] DEBUG: Crawled (200) <GET https://uae.souq.com/ae-en/rainbow-delta-kite-toys-kites-23264284/i/?ctype=dsrch> (referer: https://uae.souq.com/ae-en/readygo/p/?section=2&page=3)
2018-11-29 14:37:05 [scrapy.core.engine] DEBUG: Crawled (200) <GET https://uae.souq.com/ae-en/cardigan-for-women-23601718/i/?ctype=dsrch> (referer: https://uae.souq.com/ae-en/readygo/p/?section=2&page=3)
2018-11-29 14:37:05 [scrapy.core.engine] DEBUG: Crawled (200) <GET https://uae.souq.com/ae-en/multi-color-round-neck-t-shirt-for-men-22407523/i/?ctype=dsrch> (referer: https://uae.souq.com/ae-en/readygo/p/?section=2&page=4)
2018-11-29 14:37:05 [scrapy.core.engine] DEBUG: Crawled (200) <GET https://uae.souq.com/ae-en/360-degree-rotation-qi-standard-phone-car-magnetic-wireless-charger-air-vent-holder-for-iphone-x-8-8-plus-for-s8-note-8-35003275/i/?ctype=dsrch> (referer: https://uae.souq.com/ae-en/readygo/p/?section=2&page=4)
2018-11-29 14:37:06 [scrapy.core.engine] DEBUG: Crawled (200) <GET https://uae.souq.com/ae-en/black-round-neck-t-shirt-for-women-22361569/i/?ctype=dsrch> (referer: https://uae.souq.com/ae-en/readygo/p/?section=2&page=4)
2018-11-29 14:37:06 [scrapy.core.engine] DEBUG: Crawled (200) <GET https://uae.souq.com/ae-en/readygo/p/?section=2&page=5> (referer: https://uae.souq.com/ae-en/readygo/p/?section=2&page=4)
2018-11-29 14:37:06 [scrapy.core.engine] DEBUG: Crawled (200) <GET https://uae.souq.com/ae-en/multi-color-round-neck-t-shirt-for-men-22407532/i/?ctype=dsrch> (referer: https://uae.souq.com/ae-en/readygo/p/?section=2&page=4)
2018-11-29 14:37:06 [scrapy.core.engine] DEBUG: Crawled (200) <GET https://uae.souq.com/ae-en/4pcs-mercedes-benz-car-tire-tyre-wheel-air-cap-key-chain-metal-badge-sticker-32387217/i/?ctype=dsrch> (referer: https://uae.souq.com/ae-en/readygo/p/?section=2&page=4)
2018-11-29 14:37:06 [scrapy.core.engine] DEBUG: Crawled (200) <GET https://uae.souq.com/ae-en/lztllylzt-green-v-neck-blouse-for-women-23518270/i/?ctype=dsrch> (referer: https://uae.souq.com/ae-en/readygo/p/?section=2&page=4)
2018-11-29 14:37:06 [scrapy.core.engine] DEBUG: Crawled (200) <GET https://uae.souq.com/ae-en/lztllylzt-black-round-neck-shirts-for-women-22245164/i/?ctype=dsrch> (referer: https://uae.souq.com/ae-en/readygo/p/?section=2&page=4)
2018-11-29 14:37:07 [scrapy.core.engine] DEBUG: Crawled (200) <GET https://uae.souq.com/ae-en/lztllylzt-white-round-neck-hoodie-sweatshirt-for-women-23518233/i/?ctype=dsrch> (referer: https://uae.souq.com/ae-en/readygo/p/?section=2&page=4)
2018-11-29 14:37:07 [scrapy.core.engine] DEBUG: Crawled (200) <GET https://uae.souq.com/ae-en/multi-color-round-neck-t-shirt-for-men-23600225/i/?ctype=dsrch> (referer: https://uae.souq.com/ae-en/readygo/p/?section=2&page=4)
2018-11-29 14:37:07 [scrapy.core.engine] DEBUG: Crawled (200) <GET https://uae.souq.com/ae-en/lztllylzt-white-round-neck-hoodie-sweatshirt-for-women-23540746/i/?ctype=dsrch> (referer: https://uae.souq.com/ae-en/readygo/p/?section=2&page=4)
2018-11-29 14:37:07 [scrapy.core.engine] DEBUG: Crawled (200) <GET https://uae.souq.com/ae-en/lztllylzt-black-round-neck-shirts-for-women-23541090/i/?ctype=dsrch> (referer: https://uae.souq.com/ae-en/readygo/p/?section=2&page=4)
2018-11-29 14:37:07 [scrapy.core.engine] DEBUG: Crawled (200) <GET https://uae.souq.com/ae-en/multi-color-round-neck-t-shirt-for-men-23600270/i/?ctype=dsrch> (referer: https://uae.souq.com/ae-en/readygo/p/?section=2&page=4)
2018-11-29 14:37:08 [scrapy.core.engine] DEBUG: Crawled (200) <GET https://uae.souq.com/ae-en/multi-color-round-neck-t-shirt-for-men-23600343/i/?ctype=dsrch> (referer: https://uae.souq.com/ae-en/readygo/p/?section=2&page=4)
2018-11-29 14:37:08 [scrapy.core.engine] DEBUG: Crawled (200) <GET https://uae.souq.com/ae-en/multi-color-round-neck-tank-top-for-men-23600815/i/?ctype=dsrch> (referer: https://uae.souq.com/ae-en/readygo/p/?section=2&page=4)
2018-11-29 14:37:08 [scrapy.core.engine] DEBUG: Crawled (200) <GET https://uae.souq.com/ae-en/multi-color-round-neck-t-shirt-for-men-23600383/i/?ctype=dsrch> (referer: https://uae.souq.com/ae-en/readygo/p/?section=2&page=4)
2018-11-29 14:37:08 [scrapy.core.engine] DEBUG: Crawled (200) <GET https://uae.souq.com/ae-en/multi-color-round-neck-t-shirt-for-men-23600904/i/?ctype=dsrch> (referer: https://uae.souq.com/ae-en/readygo/p/?section=2&page=4)
2018-11-29 14:37:08 [scrapy.core.engine] DEBUG: Crawled (200) <GET https://uae.souq.com/ae-en/delux-t9-47-key-professional-one-single-hand-usb-wired-esport-gaming-keyboard-36955166/i/?ctype=dsrch> (referer: https://uae.souq.com/ae-en/readygo/p/?section=2&page=4)
2018-11-29 14:37:09 [scrapy.core.engine] DEBUG: Crawled (200) <GET https://uae.souq.com/ae-en/lztllylzt-white-round-neck-hoodie-sweatshirt-for-women-22245065/i/?ctype=dsrch> (referer: https://uae.souq.com/ae-en/readygo/p/?section=2&page=5)
2018-11-29 14:37:09 [scrapy.core.engine] DEBUG: Crawled (200) <GET https://uae.souq.com/ae-en/hip-flask-7oz-gift-box-9690288/i/?ctype=dsrch> (referer: https://uae.souq.com/ae-en/readygo/p/?section=2&page=4)
2018-11-29 14:37:09 [scrapy.core.engine] DEBUG: Crawled (200) <GET https://uae.souq.com/ae-en/retro-tv-suitcase-model-22191418/i/?ctype=dsrch> (referer: https://uae.souq.com/ae-en/readygo/p/?section=2&page=4)
2018-11-29 14:37:09 [scrapy.core.engine] DEBUG: Crawled (200) <GET https://uae.souq.com/ae-en/lztllylzt-blue-round-neck-blouse-for-women-22245319/i/?ctype=dsrch> (referer: https://uae.souq.com/ae-en/readygo/p/?section=2&page=5)
2018-11-29 14:37:09 [scrapy.core.engine] DEBUG: Crawled (200) <GET https://uae.souq.com/ae-en/lztllylzt-yellow-round-neck-hoodie-sweatshirt-for-women-22244473/i/?ctype=dsrch> (referer: https://uae.souq.com/ae-en/readygo/p/?section=2&page=5)
2018-11-29 14:37:09 [scrapy.core.engine] DEBUG: Crawled (200) <GET https://uae.souq.com/ae-en/multi-color-round-neck-t-shirt-for-men-23600097/i/?ctype=dsrch> (referer: https://uae.souq.com/ae-en/readygo/p/?section=2&page=5)
2018-11-29 14:37:10 [scrapy.core.engine] DEBUG: Crawled (200) <GET https://uae.souq.com/ae-en/fashion-comfortable-white-navy-hat-p001-8635110/i/?ctype=dsrch> (referer: https://uae.souq.com/ae-en/readygo/p/?section=2&page=5)
2018-11-29 14:37:10 [scrapy.core.engine] DEBUG: Crawled (200) <GET https://uae.souq.com/ae-en/tree-shape-organizer-and-holder-for-men-jewelry-and-accessories-35539799/i/?ctype=dsrch> (referer: https://uae.souq.com/ae-en/readygo/p/?section=2&page=5)
2018-11-29 14:37:10 [scrapy.core.engine] DEBUG: Crawled (200) <GET https://uae.souq.com/ae-en/readygo/p/?section=2&page=6> (referer: https://uae.souq.com/ae-en/readygo/p/?section=2&page=5)
2018-11-29 14:37:10 [scrapy.core.engine] DEBUG: Crawled (200) <GET https://uae.souq.com/ae-en/vintage-wolf-tooth-black-genuine-leather-necklace-35167664/i/?ctype=dsrch> (referer: https://uae.souq.com/ae-en/readygo/p/?section=2&page=5)
2018-11-29 14:37:11 [scrapy.core.engine] DEBUG: Crawled (200) <GET https://uae.souq.com/ae-en/labo-ns-switch-case-diy-cardboard-holder-arcade-bracket-for-nintendo-switch-37236328/i/?ctype=dsrch> (referer: https://uae.souq.com/ae-en/readygo/p/?section=2&page=5)
2018-11-29 14:37:11 [scrapy.core.engine] DEBUG: Crawled (200) <GET https://uae.souq.com/ae-en/black-sport-pant-for-men-22357725/i/?ctype=dsrch> (referer: https://uae.souq.com/ae-en/readygo/p/?section=2&page=5)
2018-11-29 14:37:11 [scrapy.core.engine] DEBUG: Crawled (200) <GET https://uae.souq.com/ae-en/black-sport-top-for-men-22361069/i/?ctype=dsrch> (referer: https://uae.souq.com/ae-en/readygo/p/?section=2&page=5)
2018-11-29 14:37:11 [scrapy.core.engine] DEBUG: Crawled (200) <GET https://uae.souq.com/ae-en/fashion-vintage-half-frame-casual-eyewear-for-unisex-23130773/i/?ctype=dsrch> (referer: https://uae.souq.com/ae-en/readygo/p/?section=2&page=5)
2018-11-29 14:37:11 [scrapy.core.engine] DEBUG: Crawled (200) <GET https://uae.souq.com/ae-en/multi-color-short-for-men-22408541/i/?ctype=dsrch> (referer: https://uae.souq.com/ae-en/readygo/p/?section=2&page=5)
2018-11-29 14:37:11 [scrapy.core.engine] DEBUG: Crawled (200) <GET https://uae.souq.com/ae-en/clear-eyewear-unisex-simple-flat-glass-22560216/i/?ctype=dsrch> (referer: https://uae.souq.com/ae-en/readygo/p/?section=2&page=5)
2018-11-29 14:37:12 [scrapy.core.engine] DEBUG: Crawled (200) <GET https://uae.souq.com/ae-en/black-sport-pant-for-men-22389193/i/?ctype=dsrch> (referer: https://uae.souq.com/ae-en/readygo/p/?section=2&page=5)
2018-11-29 14:37:12 [scrapy.core.engine] DEBUG: Crawled (200) <GET https://uae.souq.com/ae-en/black-sport-bra-for-women-22349655/i/?ctype=dsrch> (referer: https://uae.souq.com/ae-en/readygo/p/?section=2&page=5)
2018-11-29 14:37:12 [scrapy.core.engine] DEBUG: Crawled (200) <GET https://uae.souq.com/ae-en/black-sport-top-for-women-22361053/i/?ctype=dsrch> (referer: https://uae.souq.com/ae-en/readygo/p/?section=2&page=5)
2018-11-29 14:37:12 [scrapy.core.engine] DEBUG: Crawled (200) <GET https://uae.souq.com/ae-en/klbs-vintage-polarized-eyewear-metal-creative-women-uv-protection-sunglass-22179103/i/?ctype=dsrch> (referer: https://uae.souq.com/ae-en/readygo/p/?section=2&page=5)
2018-11-29 14:37:13 [scrapy.core.engine] DEBUG: Crawled (200) <GET https://uae.souq.com/ae-en/female-diamond-studded-polarized-sunglasses-uv-sunglasses-red-xd5118-3-11384964/i/?ctype=dsrch> (referer: https://uae.souq.com/ae-en/readygo/p/?section=2&page=5)
2018-11-29 14:37:13 [scrapy.core.engine] DEBUG: Crawled (200) <GET https://uae.souq.com/ae-en/round-flat-glasses-retro-stytle-35128075/i/?ctype=dsrch> (referer: https://uae.souq.com/ae-en/readygo/p/?section=2&page=5)
2018-11-29 14:37:13 [scrapy.core.engine] DEBUG: Crawled (200) <GET https://uae.souq.com/ae-en/flip-cover-for-xiaomi-mi-max-2-leather-stand-case-shockproof-cover-with-card-slots-and-wallet-black-35150194/i/?ctype=dsrch> (referer: https://uae.souq.com/ae-en/readygo/p/?section=2&page=5)
2018-11-29 14:37:13 [scrapy.core.engine] DEBUG: Crawled (200) <GET https://uae.souq.com/ae-en/captain-america-shield-school-bag-for-8-15-ages-kids-children-student-backpack-school-bag-36018285/i/?ctype=dsrch> (referer: https://uae.souq.com/ae-en/readygo/p/?section=2&page=5)
2018-11-29 14:37:13 [scrapy.core.engine] DEBUG: Crawled (200) <GET https://uae.souq.com/ae-en/multi-color-cotton-round-neck-hoodie-sweatshirt-for-unisex-11531713/i/?ctype=dsrch> (referer: https://uae.souq.com/ae-en/readygo/p/?section=2&page=5)
2018-11-29 14:37:13 [scrapy.core.engine] DEBUG: Crawled (200) <GET https://uae.souq.com/ae-en/rhinestone-silver-plated-couple-rings-for-wedding-gifts-22885607/i/?ctype=dsrch> (referer: https://uae.souq.com/ae-en/readygo/p/?section=2&page=6)
2018-11-29 14:37:13 [scrapy.core.engine] DEBUG: Crawled (200) <GET https://uae.souq.com/ae-en/multi-color-polyester-round-neck-hoodie-sweatshirt-for-unisex-11757140/i/?ctype=dsrch> (referer: https://uae.souq.com/ae-en/readygo/p/?section=2&page=6)
2018-11-29 14:37:14 [scrapy.core.engine] DEBUG: Crawled (200) <GET https://uae.souq.com/ae-en/multi-color-short-for-men-23600557/i/?ctype=dsrch> (referer: https://uae.souq.com/ae-en/readygo/p/?section=2&page=6)
2018-11-29 14:37:14 [scrapy.core.engine] DEBUG: Crawled (200) <GET https://uae.souq.com/ae-en/strong-muscle-man-pattern-apron-sexy-man-apron-bbq-gifts-for-male-female-22656302/i/?ctype=dsrch> (referer: https://uae.souq.com/ae-en/readygo/p/?section=2&page=6)
2018-11-29 14:37:14 [scrapy.core.engine] DEBUG: Crawled (200) <GET https://uae.souq.com/ae-en/clear-eyewear-unisex-simple-flat-glass-22558450/i/?ctype=dsrch> (referer: https://uae.souq.com/ae-en/readygo/p/?section=2&page=6)
2018-11-29 14:37:15 [scrapy.core.engine] DEBUG: Crawled (200) <GET https://uae.souq.com/ae-en/readygo/p/?section=2&page=7> (referer: https://uae.souq.com/ae-en/readygo/p/?section=2&page=6)
2018-11-29 14:37:15 [scrapy.core.engine] DEBUG: Crawled (200) <GET https://uae.souq.com/ae-en/clear-eyewear-unisex-simple-flat-glasses-22676582/i/?ctype=dsrch> (referer: https://uae.souq.com/ae-en/readygo/p/?section=2&page=6)
2018-11-29 14:37:15 [scrapy.core.engine] DEBUG: Crawled (200) <GET https://uae.souq.com/ae-en/metal-cool-frames-vintage-classic-style-sunglasses-frames-22188389/i/?ctype=dsrch> (referer: https://uae.souq.com/ae-en/readygo/p/?section=2&page=6)
2018-11-29 14:37:15 [scrapy.core.engine] DEBUG: Crawled (200) <GET https://uae.souq.com/ae-en/grey-sport-bra-for-women-22361970/i/?ctype=dsrch> (referer: https://uae.souq.com/ae-en/readygo/p/?section=2&page=6)
2018-11-29 14:37:15 [scrapy.core.engine] DEBUG: Crawled (200) <GET https://uae.souq.com/ae-en/klbs-europe-style-metal-big-frame-metal-polarized-sunglass-for-women-22178418/i/?ctype=dsrch> (referer: https://uae.souq.com/ae-en/readygo/p/?section=2&page=6)
2018-11-29 14:37:16 [scrapy.core.engine] DEBUG: Crawled (200) <GET https://uae.souq.com/ae-en/klbs-europe-style-creative-cat-eye-sunglasses-metal-women-polarized-eyewear-22188372/i/?ctype=dsrch> (referer: https://uae.souq.com/ae-en/readygo/p/?section=2&page=6)
2018-11-29 14:37:16 [scrapy.core.engine] DEBUG: Crawled (200) <GET https://uae.souq.com/ae-en/klbs-europe-style-metal-metal-frame-sunglasses-creative-women-polarized-eyewear-22188414/i/?ctype=dsrch> (referer: https://uae.souq.com/ae-en/readygo/p/?section=2&page=6)
2018-11-29 14:37:16 [scrapy.core.engine] DEBUG: Crawled (200) <GET https://uae.souq.com/ae-en/klbs-men-polarized-sunglasses-metal-summer-outdoors-driver-eyewear-22178462/i/?ctype=dsrch> (referer: https://uae.souq.com/ae-en/readygo/p/?section=2&page=6)
2018-11-29 14:37:16 [scrapy.core.engine] DEBUG: Crawled (200) <GET https://uae.souq.com/ae-en/klbs-spring-summer-polarized-sunglass-metal-men-driver-eyewear-22178085/i/?ctype=dsrch> (referer: https://uae.souq.com/ae-en/readygo/p/?section=2&page=6)
2018-11-29 14:37:16 [scrapy.core.engine] DEBUG: Crawled (200) <GET https://uae.souq.com/ae-en/50kg-10g-digital-weighing-scale-electronic-hanging-luggage-balance-weight-35843222/i/?ctype=dsrch> (referer: https://uae.souq.com/ae-en/readygo/p/?section=2&page=6)
2018-11-29 14:37:16 [scrapy.core.engine] DEBUG: Crawled (200) <GET https://uae.souq.com/ae-en/half-box-sunglass-retro-radiation-protection-unisex-glasses-22558178/i/?ctype=dsrch> (referer: https://uae.souq.com/ae-en/readygo/p/?section=2&page=6)
2018-11-29 14:37:17 [scrapy.core.engine] DEBUG: Crawled (200) <GET https://uae.souq.com/ae-en/andoer-photo-studio-photography-5500k-60w-120-beads-led-corn-lamp-light-bulb-daylight-e27-socket-34087648/i/?ctype=dsrch> (referer: https://uae.souq.com/ae-en/readygo/p/?section=2&page=6)
2018-11-29 14:37:17 [scrapy.core.engine] DEBUG: Crawled (200) <GET https://uae.souq.com/ae-en/silver-plated-adjustable-couple-rings-for-wedding-gifts-22885388/i/?ctype=dsrch> (referer: https://uae.souq.com/ae-en/readygo/p/?section=2&page=6)
2018-11-29 14:37:17 [scrapy.core.engine] DEBUG: Crawled (200) <GET https://uae.souq.com/ae-en/magical-fairy-glow-in-the-dark-locket-hollow-luminous-oval-pendant-necklace-11963297/i/?ctype=dsrch> (referer: https://uae.souq.com/ae-en/readygo/p/?section=2&page=6)
2018-11-29 14:37:17 [scrapy.core.engine] DEBUG: Crawled (200) <GET https://uae.souq.com/ae-en/metal-grab-handle-for-2-door-jeep-wrangler-jk-11644688/i/?ctype=dsrch> (referer: https://uae.souq.com/ae-en/readygo/p/?section=2&page=6)
2018-11-29 14:37:18 [scrapy.core.engine] DEBUG: Crawled (200) <GET https://uae.souq.com/ae-en/side-bag-saddle-bag-set-for-harley-sportster-motorcycle-11683402/i/?ctype=dsrch> (referer: https://uae.souq.com/ae-en/readygo/p/?section=2&page=6)
2018-11-29 14:37:18 [scrapy.core.engine] DEBUG: Crawled (200) <GET https://uae.souq.com/ae-en/skull-cup-skeleton-pirates-glass-cup-double-glass-crystal-skull-head-vodka-shot-cup-3pcs-10865455/i/?ctype=dsrch> (referer: https://uae.souq.com/ae-en/readygo/p/?section=2&page=6)
2018-11-29 14:37:18 [scrapy.core.engine] DEBUG: Crawled (200) <GET https://uae.souq.com/ae-en/clear-eyewear-unisex-simple-flat-glasses-23091791/i/?ctype=dsrch> (referer: https://uae.souq.com/ae-en/readygo/p/?section=2&page=7)
2018-11-29 14:37:18 [scrapy.core.engine] DEBUG: Crawled (200) <GET https://uae.souq.com/ae-en/red-wine-glass-summer-drinks-decorative-wall-stickers-stick-bar-counter-coffee-milk-tea-shop-restaurant-glass-window-22435053/i/?ctype=dsrch> (referer: https://uae.souq.com/ae-en/readygo/p/?section=2&page=6)
2018-11-29 14:37:18 [scrapy.core.engine] DEBUG: Crawled (200) <GET https://uae.souq.com/ae-en/clear-eyewear-unisex-simple-flat-glass-22571292/i/?ctype=dsrch> (referer: https://uae.souq.com/ae-en/readygo/p/?section=2&page=7)
2018-11-29 14:37:18 [scrapy.core.engine] DEBUG: Crawled (200) <GET https://uae.souq.com/ae-en/flamingo-tapestry-bohemia-wall-hanging-carpet-beach-towel-throw-picnic-blanket-table-cloth-24426579/i/?ctype=dsrch> (referer: https://uae.souq.com/ae-en/readygo/p/?section=2&page=6)
2018-11-29 14:37:19 [scrapy.core.engine] DEBUG: Crawled (200) <GET https://uae.souq.com/ae-en/dodocool-phone-case-with-universal-360-degree-rotatable-ring-grip-stand-ultimate-protection-hard-shell-for-4-7-inch-iphone-7-white-34144451/i/?ctype=dsrch> (referer: https://uae.souq.com/ae-en/readygo/p/?section=2&page=7)
2018-11-29 14:37:19 [scrapy.core.engine] DEBUG: Crawled (200) <GET https://uae.souq.com/ae-en/half-box-retro-radiation-protection-unisex-glasses-22561849/i/?ctype=dsrch> (referer: https://uae.souq.com/ae-en/readygo/p/?section=2&page=7)
2018-11-29 14:37:19 [scrapy.core.engine] DEBUG: Crawled (200) <GET https://uae.souq.com/ae-en/readygo/p/?section=2&page=8> (referer: https://uae.souq.com/ae-en/readygo/p/?section=2&page=7)
2018-11-29 14:37:19 [scrapy.core.engine] DEBUG: Crawled (200) <GET https://uae.souq.com/ae-en/%D8%AE%D8%A7%D8%AA%D9%85-%D8%B1%D8%AC%D8%A7%D9%84%D9%8A-%D9%85%D9%86-%D8%B3%D8%AA%D9%8A%D9%86%D9%84%D8%B3-%D8%B3%D8%AA%D9%8A%D9%84-%D9%85%D8%B2%D9%8A%D9%86-%D8%A8%D9%86%D9%82%D8%B4%D8%A7%D8%AA-%D8%B9%D8%AA%D9%8A%D9%82%D8%A9-35475269/i/?ctype=dsrch> (referer: https://uae.souq.com/ae-en/readygo/p/?section=2&page=7)
2018-11-29 14:37:19 [scrapy.core.engine] DEBUG: Crawled (200) <GET https://uae.souq.com/ae-en/dodocool-portable-360-rotation-universal-magnetic-vehicle-mount-air-vent-bracket-stand-holder-for-iphone-x-7-8-6-plus-5-5c-5s-4-4s-samsung-s8+-s9+-smartphone-gps-34143826/i/?ctype=dsrch> (referer: https://uae.souq.com/ae-en/readygo/p/?section=2&page=7)
2018-11-29 14:37:19 [scrapy.core.engine] DEBUG: Crawled (200) <GET https://uae.souq.com/ae-en/festival-costume-for-unisex-11922589/i/?ctype=dsrch> (referer: https://uae.souq.com/ae-en/readygo/p/?section=2&page=7)
2018-11-29 14:37:20 [scrapy.core.engine] DEBUG: Crawled (200) <GET https://uae.souq.com/ae-en/pop-game-of-thrones-iron-throne-vinyl-figure-model-34896606/i/?ctype=dsrch> (referer: https://uae.souq.com/ae-en/readygo/p/?section=2&page=7)
2018-11-29 14:37:20 [scrapy.core.engine] DEBUG: Crawled (200) <GET https://uae.souq.com/ae-en/outdoor-survival-magnesium-flint-scraper-stone-fire-starter-lighter-kit-camping-23189941/i/?ctype=dsrch> (referer: https://uae.souq.com/ae-en/readygo/p/?section=2&page=7)
2018-11-29 14:37:20 [scrapy.core.engine] DEBUG: Crawled (200) <GET https://uae.souq.com/ae-en/universal-outdoor-tactical-holster-military-molle-hip-waist-belt-bag-wallet-pouch-purse-phone-case-with-zipper-for-iphone-7-and-htc-24060337/i/?ctype=dsrch> (referer: https://uae.souq.com/ae-en/readygo/p/?section=2&page=7)
2018-11-29 14:37:20 [scrapy.core.engine] DEBUG: Crawled (200) <GET https://uae.souq.com/ae-en/gear-s3-frontier-classic-watch-band-22mm-milanese-loop-adjustable-stainless-steel-replacement-strap-bands-for-samsung-gear-s3-classic-s3-frontier-smart-watch-33482244/i/?ctype=dsrch> (referer: https://uae.souq.com/ae-en/readygo/p/?section=2&page=7)
2018-11-29 14:37:21 [scrapy.core.engine] DEBUG: Crawled (200) <GET https://uae.souq.com/ae-en/outdoor-travel-sports-bag-laptop-backpack-ruck-sack-34019940/i/?ctype=dsrch> (referer: https://uae.souq.com/ae-en/readygo/p/?section=2&page=7)
2018-11-29 14:37:21 [scrapy.core.engine] DEBUG: Crawled (200) <GET https://uae.souq.com/ae-en/black-leather-for-men-zip-around-wallets-35544159/i/?ctype=dsrch> (referer: https://uae.souq.com/ae-en/readygo/p/?section=2&page=7)
2018-11-29 14:37:21 [scrapy.core.engine] DEBUG: Crawled (200) <GET https://uae.souq.com/ae-en/dodocool-9-7-inch-tablet-felt-envelope-cover-sleeve-carrying-case-protective-bag-for-apple-9-7-inch-ipad-pro-ipad-air-2-1-35673240/i/?ctype=dsrch> (referer: https://uae.souq.com/ae-en/readygo/p/?section=2&page=7)
2018-11-29 14:37:21 [scrapy.core.engine] DEBUG: Crawled (200) <GET https://uae.souq.com/ae-en/2-liter-water-storage-bladder-for-hydration-pack-light-blue-23354975/i/?ctype=dsrch> (referer: https://uae.souq.com/ae-en/readygo/p/?section=2&page=7)
2018-11-29 14:37:21 [scrapy.core.engine] DEBUG: Crawled (200) <GET https://uae.souq.com/ae-en/black-tiger-gaff-cards-10579018/i/?ctype=dsrch> (referer: https://uae.souq.com/ae-en/readygo/p/?section=2&page=7)
2018-11-29 14:37:21 [scrapy.core.engine] DEBUG: Crawled (200) <GET https://uae.souq.com/ae-en/half-box-retro-radiation-protection-unisex-glasses-22571240/i/?ctype=dsrch> (referer: https://uae.souq.com/ae-en/readygo/p/?section=2&page=7)
2018-11-29 14:37:21 [scrapy.core.engine] DEBUG: Crawled (200) <GET https://uae.souq.com/ae-en/travel-universal-cable-organizer-electronics-accessories-cases-22688679/i/?ctype=dsrch> (referer: https://uae.souq.com/ae-en/readygo/p/?section=2&page=7)
2018-11-29 14:37:21 [scrapy.core.engine] DEBUG: Crawled (200) <GET https://uae.souq.com/ae-en/red-lens-metal-sunglasses-fashion-street-snap-polarized-eyewear-for-unisex-23130419/i/?ctype=dsrch> (referer: https://uae.souq.com/ae-en/readygo/p/?section=2&page=7)
2018-11-29 14:37:22 [scrapy.core.engine] DEBUG: Crawled (200) <GET https://uae.souq.com/ae-en/polarized-lenses-sunglasses-metal-frame-driving-dedicated-eyewear-for-men-11737115/i/?ctype=dsrch> (referer: https://uae.souq.com/ae-en/readygo/p/?section=2&page=7)
2018-11-29 14:37:22 [scrapy.core.engine] DEBUG: Crawled (200) <GET https://uae.souq.com/ae-en/brown-cowboy-hat-for-men-36953143/i/?ctype=dsrch> (referer: https://uae.souq.com/ae-en/readygo/p/?section=2&page=7)
2018-11-29 14:37:22 [scrapy.core.engine] DEBUG: Crawled (200) <GET https://uae.souq.com/ae-en/black-fashion-sneakers-for-unisex-22031889/i/?ctype=dsrch> (referer: https://uae.souq.com/ae-en/readygo/p/?section=2&page=8)
2018-11-29 14:37:23 [scrapy.core.engine] DEBUG: Crawled (200) <GET https://uae.souq.com/ae-en/grey-flat-for-girls-22027466/i/?ctype=dsrch> (referer: https://uae.souq.com/ae-en/readygo/p/?section=2&page=8)
2018-11-29 14:37:23 [scrapy.core.engine] DEBUG: Crawled (200) <GET https://uae.souq.com/ae-en/hatsune-future-tour-of-lucky-luka-hand-model-22111756/i/?ctype=dsrch> (referer: https://uae.souq.com/ae-en/readygo/p/?section=2&page=8)
2018-11-29 14:37:23 [scrapy.core.engine] DEBUG: Crawled (200) <GET https://uae.souq.com/ae-en/tricep-rope-abdominal-crunches-cable-attachment-pull-down-laterals-biceps-training-fitness-equipment-body-building-gym-pull-rope-29623267/i/?ctype=dsrch> (referer: https://uae.souq.com/ae-en/readygo/p/?section=2&page=8)
2018-11-29 14:37:23 [scrapy.core.engine] DEBUG: Crawled (200) <GET https://uae.souq.com/ae-en/readygo/p/?section=2&page=9> (referer: https://uae.souq.com/ae-en/readygo/p/?section=2&page=8)
2018-11-29 14:37:23 [scrapy.core.engine] DEBUG: Crawled (200) <GET https://uae.souq.com/ae-en/fashion-casual-grey-lens-outdoors-driver-sunglass-23102283/i/?ctype=dsrch> (referer: https://uae.souq.com/ae-en/readygo/p/?section=2&page=8)
2018-11-29 14:37:24 [scrapy.core.engine] DEBUG: Crawled (200) <GET https://uae.souq.com/ae-en/black-leather-for-men-card-id-cases-36838733/i/?ctype=dsrch> (referer: https://uae.souq.com/ae-en/readygo/p/?section=2&page=8)
2018-11-29 14:37:24 [scrapy.core.engine] DEBUG: Crawled (200) <GET https://uae.souq.com/ae-en/mens-faux-leather-wallet-wallet-id-credit-card-holder-clutch-coin-pockets-35474747/i/?ctype=dsrch> (referer: https://uae.souq.com/ae-en/readygo/p/?section=2&page=8)
2018-11-29 14:37:24 [scrapy.core.engine] DEBUG: Crawled (200) <GET https://uae.souq.com/ae-en/long-sleeve-maxi-dress-large-l51210-1-8909045/i/?ctype=dsrch> (referer: https://uae.souq.com/ae-en/readygo/p/?section=2&page=8)
2018-11-29 14:37:24 [scrapy.core.engine] DEBUG: Crawled (200) <GET https://uae.souq.com/ae-en/bike-bicycle-lift-ceiling-mounted-hoist-storage-garage-hanger-pulley-rack-23952627/i/?ctype=dsrch> (referer: https://uae.souq.com/ae-en/readygo/p/?section=2&page=8)
2018-11-29 14:37:24 [scrapy.core.engine] DEBUG: Crawled (200) <GET https://uae.souq.com/ae-en/sliding-window-kids-safety-lock-12105358/i/?ctype=dsrch> (referer: https://uae.souq.com/ae-en/readygo/p/?section=2&page=8)
2018-11-29 14:37:24 [scrapy.core.engine] DEBUG: Crawled (200) <GET https://uae.souq.com/ae-en/168-pets-90s-nostalgic-virtual-pet-cyber-pet-digital-pet-tamagotchi-penguins-e-pet-gift-toy-handheld-game-machine-35728003/i/?ctype=dsrch> (referer: https://uae.souq.com/ae-en/readygo/p/?section=2&page=8)
2018-11-29 14:37:24 [scrapy.core.engine] DEBUG: Crawled (200) <GET https://uae.souq.com/ae-en/gold-fashion-sneakers-for-unisex-22071067/i/?ctype=dsrch> (referer: https://uae.souq.com/ae-en/readygo/p/?section=2&page=8)
2018-11-29 14:37:25 [scrapy.core.engine] DEBUG: Crawled (200) <GET https://uae.souq.com/ae-en/fashion-casual-sport-oblique-cross-package-for-man-22645910/i/?ctype=dsrch> (referer: https://uae.souq.com/ae-en/readygo/p/?section=2&page=8)
2018-11-29 14:37:25 [scrapy.core.engine] DEBUG: Crawled (200) <GET https://uae.souq.com/ae-en/do4u-game-playerunknown-s-battlegrounds-cosplay-costumes-special-forces-helmet-keychain-pubg-logo-metal-pubg-logo-metal-level-3-helmet-3d-pendant-pubg-keychain-charm-souvenir-gifts-helmet-30350219/i/?ctype=dsrch> (referer: https://uae.souq.com/ae-en/readygo/p/?section=2&page=8)
2018-11-29 14:37:25 [scrapy.core.engine] DEBUG: Crawled (200) <GET https://uae.souq.com/ae-en/simulation-of-fruits-and-vegetables-educational-toys-35769652/i/?ctype=dsrch> (referer: https://uae.souq.com/ae-en/readygo/p/?section=2&page=8)
2018-11-29 14:37:26 [scrapy.core.engine] DEBUG: Crawled (200) <GET https://uae.souq.com/ae-en/diy-developmental-toys-assembled-toy-building-blocks-9413-22142514/i/?ctype=dsrch> (referer: https://uae.souq.com/ae-en/readygo/p/?section=2&page=8)
2018-11-29 14:37:26 [scrapy.core.engine] DEBUG: Crawled (200) <GET https://uae.souq.com/ae-en/swarovski-elements-18k-rose-gold-plated-elegent-zircon-bangle-multilayer-bracelets-for-women-lkn102-11649359/i/?ctype=dsrch> (referer: https://uae.souq.com/ae-en/readygo/p/?section=2&page=8)
2018-11-29 14:37:26 [scrapy.core.engine] DEBUG: Crawled (200) <GET https://uae.souq.com/ae-en/home-car-bed-sofa-decorative-pillow-case-cushion-cover-23720374/i/?ctype=dsrch> (referer: https://uae.souq.com/ae-en/readygo/p/?section=2&page=8)
2018-11-29 14:37:26 [scrapy.core.engine] DEBUG: Crawled (200) <GET https://uae.souq.com/ae-en/pubg-playerunknown-s-battlegrounds-three-level-helmet-key-chains-30356965/i/?ctype=dsrch> (referer: https://uae.souq.com/ae-en/readygo/p/?section=2&page=8)
2018-11-29 14:37:26 [scrapy.core.engine] DEBUG: Crawled (200) <GET https://uae.souq.com/ae-en/cotton-pillow-cushion-pillowcase-22356953/i/?ctype=dsrch> (referer: https://uae.souq.com/ae-en/readygo/p/?section=2&page=8)
2018-11-29 14:37:26 [scrapy.core.engine] DEBUG: Crawled (200) <GET https://uae.souq.com/ae-en/silicone-baby-food-freezer-tray-with-clip-on-lid-perfect-storage-container-for-homemade-baby-food-vegetable-fruit-purees-and-breast-milk-green-32385816/i/?ctype=dsrch> (referer: https://uae.souq.com/ae-en/readygo/p/?section=2&page=8)
2018-11-29 14:37:27 [scrapy.core.engine] DEBUG: Crawled (200) <GET https://uae.souq.com/ae-en/red-fashion-sneakers-for-unisex-22071201/i/?ctype=dsrch> (referer: https://uae.souq.com/ae-en/readygo/p/?section=2&page=9)
2018-11-29 14:37:27 [scrapy.core.engine] DEBUG: Crawled (200) <GET https://uae.souq.com/ae-en/squishy-toy-slow-rising-lemon-36427013/i/?ctype=dsrch> (referer: https://uae.souq.com/ae-en/readygo/p/?section=2&page=9)
2018-11-29 14:37:27 [scrapy.core.engine] DEBUG: Crawled (200) <GET https://uae.souq.com/ae-en/happy-birthday-banner-purple-35674892/i/?ctype=dsrch> (referer: https://uae.souq.com/ae-en/readygo/p/?section=2&page=9)
2018-11-29 14:37:27 [scrapy.core.engine] DEBUG: Crawled (200) <GET https://uae.souq.com/ae-en/barefoot-pearl-anklet-ankle-bracelet-foot-chain-33376930/i/?ctype=dsrch> (referer: https://uae.souq.com/ae-en/readygo/p/?section=2&page=9)
2018-11-29 14:37:27 [scrapy.core.engine] DEBUG: Crawled (200) <GET https://uae.souq.com/ae-en/white-boater-pork-pie-hat-for-men-33021953/i/?ctype=dsrch> (referer: https://uae.souq.com/ae-en/readygo/p/?section=2&page=9)
2018-11-29 14:37:27 [scrapy.core.engine] DEBUG: Crawled (200) <GET https://uae.souq.com/ae-en/readygo/p/?section=2&page=10> (referer: https://uae.souq.com/ae-en/readygo/p/?section=2&page=9)
2018-11-29 14:37:27 [scrapy.core.engine] DEBUG: Crawled (200) <GET https://uae.souq.com/ae-en/turkey-eye-foreign-trade-export-jewelry-wholesale-beaded-cattle-leather-men-women-universal-leather-bracelet-35861742/i/?ctype=dsrch> (referer: https://uae.souq.com/ae-en/readygo/p/?section=2&page=9)
2018-11-29 14:37:28 [scrapy.core.engine] DEBUG: Crawled (200) <GET https://uae.souq.com/ae-en/vintage-rope-handmade-owl-charm-bracelet-black-elastic-rope-adjustable-women-bracelets-bangles-female-gift-35862027/i/?ctype=dsrch> (referer: https://uae.souq.com/ae-en/readygo/p/?section=2&page=9)
2018-11-29 14:37:28 [scrapy.core.engine] DEBUG: Crawled (200) <GET https://uae.souq.com/ae-en/silver-plated-couple-rings-fashion-rhinestone-adjustable-rings-32658052/i/?ctype=dsrch> (referer: https://uae.souq.com/ae-en/readygo/p/?section=2&page=9)
2018-11-29 14:54:49 [scrapy.utils.log] INFO: Scrapy 1.5.1 started (bot: DNCAT)
2018-11-29 14:54:49 [scrapy.utils.log] INFO: Versions: lxml 4.2.5.0, libxml2 2.9.5, cssselect 1.0.3, parsel 1.5.0, w3lib 1.19.0, Twisted 18.7.0, Python 3.5.3 (v3.5.3:1880cb95a742, Jan 16 2017, 16:02:32) [MSC v.1900 64 bit (AMD64)], pyOpenSSL 18.0.0 (OpenSSL 1.1.0i  14 Aug 2018), cryptography 2.3.1, Platform Windows-10-10.0.17134-SP0
2018-11-29 14:54:49 [scrapy.crawler] INFO: Overridden settings: {'SPIDER_MODULES': ['DNCAT'], 'NEWSPIDER_MODULE': 'DNCAT', 'USER_AGENT': 'Mozilla/5.0 (Windows NT 10.0; Win64; x64) AppleWebKit/537.36 (KHTML, like Gecko) Chrome/70.0.3538.77 Safari/537.36', 'BOT_NAME': 'DNCAT', 'COOKIES_ENABLED': False, 'ROBOTSTXT_OBEY': True, 'LOG_FILE': 'log.txt'}
2018-11-29 14:54:49 [scrapy.middleware] INFO: Enabled extensions:
['scrapy.extensions.corestats.CoreStats',
 'scrapy.extensions.logstats.LogStats',
 'scrapy.extensions.telnet.TelnetConsole']
2018-11-29 14:54:49 [scrapy.middleware] INFO: Enabled downloader middlewares:
['scrapy.downloadermiddlewares.robotstxt.RobotsTxtMiddleware',
 'scrapy.downloadermiddlewares.httpauth.HttpAuthMiddleware',
 'scrapy.downloadermiddlewares.downloadtimeout.DownloadTimeoutMiddleware',
 'scrapy.downloadermiddlewares.defaultheaders.DefaultHeadersMiddleware',
 'scrapy.downloadermiddlewares.useragent.UserAgentMiddleware',
 'scrapy.downloadermiddlewares.retry.RetryMiddleware',
 'scrapy.downloadermiddlewares.redirect.MetaRefreshMiddleware',
 'scrapy.downloadermiddlewares.httpcompression.HttpCompressionMiddleware',
 'scrapy.downloadermiddlewares.redirect.RedirectMiddleware',
 'scrapy.downloadermiddlewares.httpproxy.HttpProxyMiddleware',
 'scrapy.downloadermiddlewares.stats.DownloaderStats']
2018-11-29 14:54:49 [scrapy.middleware] INFO: Enabled spider middlewares:
['scrapy.spidermiddlewares.httperror.HttpErrorMiddleware',
 'scrapy.spidermiddlewares.offsite.OffsiteMiddleware',
 'scrapy.spidermiddlewares.referer.RefererMiddleware',
 'scrapy.spidermiddlewares.urllength.UrlLengthMiddleware',
 'scrapy.spidermiddlewares.depth.DepthMiddleware']
2018-11-29 14:54:49 [scrapy.middleware] INFO: Enabled item pipelines:
[]
2018-11-29 14:54:49 [scrapy.core.engine] INFO: Spider opened
2018-11-29 14:54:49 [scrapy.extensions.logstats] INFO: Crawled 0 pages (at 0 pages/min), scraped 0 items (at 0 items/min)
2018-11-29 14:54:49 [scrapy.extensions.telnet] DEBUG: Telnet console listening on 127.0.0.1:6023
2018-11-29 14:54:51 [scrapy.core.engine] DEBUG: Crawled (200) <GET https://uae.souq.com/robots.txt> (referer: None)
2018-11-29 14:54:51 [scrapy.downloadermiddlewares.robotstxt] ERROR: Error downloading <GET https://uae.souq.com/robots.txt>: No module named 'urllib.robotparser'
Traceback (most recent call last):
  File "site-packages\twisted\internet\defer.py", line 1418, in _inlineCallbacks
  File "site-packages\scrapy\core\downloader\middleware.py", line 43, in process_request
  File "site-packages\twisted\internet\defer.py", line 1362, in returnValue
twisted.internet.defer._DefGen_Return: <200 https://uae.souq.com/robots.txt>

During handling of the above exception, another exception occurred:

Traceback (most recent call last):
  File "site-packages\twisted\internet\defer.py", line 654, in _runCallbacks
  File "site-packages\scrapy\downloadermiddlewares\robotstxt.py", line 86, in _parse_robots
  File "site-packages\six.py", line 92, in __get__
  File "site-packages\six.py", line 160, in _resolve
  File "site-packages\six.py", line 82, in _import_module
ImportError: No module named 'urllib.robotparser'
2018-11-29 14:54:52 [scrapy.core.engine] DEBUG: Crawled (200) <GET https://uae.souq.com/ae-en/readygo/p/?section=2&page=1> (referer: None)
2018-11-29 14:54:54 [scrapy.core.engine] DEBUG: Crawled (200) <GET https://uae.souq.com/ae-en/20-pcs-disposable-anti-sweat-pad-sticker-underarm-armpit-guard-sheet-shield-absorbing-35475028/i/?ctype=dsrch> (referer: https://uae.souq.com/ae-en/readygo/p/?section=2&page=1)
2018-11-29 14:54:54 [scrapy.core.engine] DEBUG: Crawled (200) <GET https://uae.souq.com/ae-en/fashion-unisex-radiation-protection-anti-blue-goggles-lens-clip-for-myopia-glasses-and-plain-glasses-36327875/i/?ctype=dsrch> (referer: https://uae.souq.com/ae-en/readygo/p/?section=2&page=1)
2018-11-29 14:54:54 [scrapy.core.engine] DEBUG: Crawled (200) <GET https://uae.souq.com/ae-en/kaleidoscope-mosaic-party-cool-night-decorate-men-and-women-sunglasses-no-hole-frame-black-s94-31885609/i/?ctype=dsrch> (referer: https://uae.souq.com/ae-en/readygo/p/?section=2&page=1)
2018-11-29 14:54:54 [scrapy.core.engine] DEBUG: Crawled (200) <GET https://uae.souq.com/ae-en/multi-color-special-occasion-dress-for-women-23507874/i/?ctype=dsrch> (referer: https://uae.souq.com/ae-en/readygo/p/?section=2&page=1)
2018-11-29 14:54:54 [scrapy.core.engine] DEBUG: Crawled (200) <GET https://uae.souq.com/ae-en/9pcs-set-vacuum-bags-for-clothes-vacuum-storage-bag-cute-cherry-vacuum-compression-bag-quilt-bag-closet-wardrobe-organizer-35438710/i/?ctype=dsrch> (referer: https://uae.souq.com/ae-en/readygo/p/?section=2&page=1)
2018-11-29 14:54:55 [scrapy.core.engine] DEBUG: Crawled (200) <GET https://uae.souq.com/ae-en/gear-s3-bands-silicone-watch-straps-and-replacement-sport-wristband-for-samsung-gear-s3-frontier-classic-smart-watch-24062828/i/?ctype=dsrch> (referer: https://uae.souq.com/ae-en/readygo/p/?section=2&page=1)
2018-11-29 14:54:55 [scrapy.core.engine] DEBUG: Crawled (200) <GET https://uae.souq.com/ae-en/acquarium-joyful-accessory-luminous-fish-tank-landscaping-decoration-simulation-fluorescent-jellyfish-floating-soft-jelly-fish-imitation-fish-voc-pink-23773046/i/?ctype=dsrch> (referer: https://uae.souq.com/ae-en/readygo/p/?section=2&page=1)
2018-11-29 14:54:55 [scrapy.core.engine] DEBUG: Crawled (200) <GET https://uae.souq.com/ae-en/white-satin-casual-dress-for-girls-11339988/i/?ctype=dsrch> (referer: https://uae.souq.com/ae-en/readygo/p/?section=2&page=1)
2018-11-29 14:54:56 [scrapy.core.engine] DEBUG: Crawled (200) <GET https://uae.souq.com/ae-en/kaleidoscope-mosaic-party-cool-night-decorate-men-and-women-sunglasses-no-hole-frame-35137405/i/?ctype=dsrch> (referer: https://uae.souq.com/ae-en/readygo/p/?section=2&page=1)
2018-11-29 14:54:56 [scrapy.core.engine] DEBUG: Crawled (200) <GET https://uae.souq.com/ae-en/samsung-galaxy-note-8-clear-view-standing-cover-case-black-24022716/i/?ctype=dsrch> (referer: https://uae.souq.com/ae-en/readygo/p/?section=2&page=1)
